Microsoft (R) Macro Assembler Version 14.44.35222.0	    02/16/26 04:47:18
..\HW2\HW2_Addtest.asm					     Page 1 - 1


				; Chapter 3.9.2 Question 5 

				.386
				.model flat, stdcall
				.stack 4096


 00000000			.code
 00000000			main PROC
 00000000  83 C0 05		    add eax, 5
 00000003  83 C2 05		    add edx, 5
				    exit
..\HW2\HW2_Addtest.asm(12) : error A2008:syntax error : exit
 00000006			main ENDP
				END main
Microsoft (R) Macro Assembler Version 14.44.35222.0	    02/16/26 04:47:18
..\HW2\HW2_Addtest.asm					     Symbols 2 - 1




Segments and Groups:

                N a m e                 Size     Length   Align   Combine Class

FLAT . . . . . . . . . . . . . .	GROUP
STACK  . . . . . . . . . . . . .	32 Bit	 00001000 DWord	  Stack	  'STACK'	 
_DATA  . . . . . . . . . . . . .	32 Bit	 00000000 DWord	  Public  'DATA'	
_TEXT  . . . . . . . . . . . . .	32 Bit	 00000006 DWord	  Public  'CODE'	


Procedures, parameters, and locals:

                N a m e                 Type     Value    Attr

main . . . . . . . . . . . . . .	P Near	 00000000 _TEXT	Length= 00000006 Public STDCALL


Symbols:

                N a m e                 Type     Value    Attr

@CodeSize  . . . . . . . . . . .	Number	 00000000h   
@DataSize  . . . . . . . . . . .	Number	 00000000h   
@Interface . . . . . . . . . . .	Number	 00000003h   
@Model . . . . . . . . . . . . .	Number	 00000007h   
@code  . . . . . . . . . . . . .	Text   	 _TEXT
@data  . . . . . . . . . . . . .	Text   	 FLAT
@fardata?  . . . . . . . . . . .	Text   	 FLAT
@fardata . . . . . . . . . . . .	Text   	 FLAT
@stack . . . . . . . . . . . . .	Text   	 FLAT

	   0 Warnings
	   1 Errors
